writing to db
{'il': 52732.09, 'global': 48105.8928}
fiished writing
writing to db
{'il': 52732.09, 'global': 48041.6532}
fiished writing
writing to db
{'il': 52732.09, 'global': 47939.107}
fiished writing
writing to db
{'il': 52732.09, 'global': 47967.67515}
fiished writing
writing to db
{'il': 52732.09, 'global': 47995.352849999996}
fiished writing
writing to db
{'il': 52732.09, 'global': 47957.595}
fiished writing
writing to db
{'il': 52732.09, 'global': 47879.174849999996}
fiished writing
writing to db
{'il': 52732.09, 'global': 47858.502}
fiished writing
writing to db
{'il': 52732.09, 'global': 47916.591}
fiished writing
writing to db
{'il': 52732.09, 'global': 47879.6874}
fiished writing
Traceback (most recent call last):
  File "database/periodic.py", line 23, in <module>
    if __name__ == '__main__':
  File "database/periodic.py", line 20, in init
    sched.add_job(writeToDB, 'cron', minute='*/1')
  File "/home/baruch/.local/share/virtualenvs/btc_prices_chart-q2OrtxIZ/lib/python3.6/site-packages/apscheduler/schedulers/blocking.py", line 19, in start
    self._main_loop()
  File "/home/baruch/.local/share/virtualenvs/btc_prices_chart-q2OrtxIZ/lib/python3.6/site-packages/apscheduler/schedulers/blocking.py", line 28, in _main_loop
    self._event.wait(wait_seconds)
  File "/home/baruch/anaconda3/envs/djangoEnv/lib/python3.6/threading.py", line 551, in wait
    signaled = self._cond.wait(timeout)
  File "/home/baruch/anaconda3/envs/djangoEnv/lib/python3.6/threading.py", line 299, in wait
    gotit = waiter.acquire(True, timeout)
KeyboardInterrupt
